Mon, 06 Nov 2017 23:29:27 main.py[line:41] INFO get video_link: https://www.youtube.com/watch?v=GgK3Mub-Oes
Mon, 06 Nov 2017 23:29:27 main.py[line:41] INFO get video_link: https://www.youtube.com/watch?v=vJjuIoRZxF8
Mon, 06 Nov 2017 23:29:27 main.py[line:41] INFO get video_link: https://www.youtube.com/watch?v=vJjuIoRZxF8
Mon, 06 Nov 2017 23:29:27 main.py[line:41] INFO get video_link: https://www.youtube.com/watch?v=spkfIpPmPgs
Mon, 06 Nov 2017 23:29:27 main.py[line:41] INFO get video_link: https://www.youtube.com/watch?v=spkfIpPmPgs
Mon, 06 Nov 2017 23:29:27 main.py[line:41] INFO get video_link: https://www.youtube.com/watch?v=NWdc7PyZNLA
Mon, 06 Nov 2017 23:29:27 main.py[line:41] INFO get video_link: https://www.youtube.com/watch?v=NWdc7PyZNLA
Mon, 06 Nov 2017 23:29:27 main.py[line:41] INFO get video_link: https://www.youtube.com/watch?v=03_I_F8XMQI
Mon, 06 Nov 2017 23:29:27 main.py[line:41] INFO get video_link: https://www.youtube.com/watch?v=03_I_F8XMQI
Mon, 06 Nov 2017 23:29:27 main.py[line:41] INFO get video_link: https://www.youtube.com/watch?v=92-b5Su0bw8
Mon, 06 Nov 2017 23:29:27 main.py[line:41] INFO get video_link: https://www.youtube.com/watch?v=92-b5Su0bw8
Mon, 06 Nov 2017 23:29:27 main.py[line:41] INFO get video_link: https://www.youtube.com/watch?v=S66_ETzu5tc
Mon, 06 Nov 2017 23:29:27 main.py[line:41] INFO get video_link: https://www.youtube.com/watch?v=S66_ETzu5tc
Mon, 06 Nov 2017 23:29:27 main.py[line:41] INFO get video_link: https://www.youtube.com/watch?v=fyHr0dwzD_U
Mon, 06 Nov 2017 23:29:27 main.py[line:41] INFO get video_link: https://www.youtube.com/watch?v=fyHr0dwzD_U
Mon, 06 Nov 2017 23:29:27 main.py[line:41] INFO get video_link: https://www.youtube.com/watch?v=jAUaLNyP3QQ
Mon, 06 Nov 2017 23:29:27 main.py[line:41] INFO get video_link: https://www.youtube.com/watch?v=jAUaLNyP3QQ
Mon, 06 Nov 2017 23:29:27 main.py[line:41] INFO get video_link: https://www.youtube.com/watch?v=nZcXaQWl_6U
Mon, 06 Nov 2017 23:29:27 main.py[line:41] INFO get video_link: https://www.youtube.com/watch?v=nZcXaQWl_6U
Mon, 06 Nov 2017 23:29:27 main.py[line:41] INFO get video_link: https://www.youtube.com/watch?v=TVKNpjnqeg0
Mon, 06 Nov 2017 23:29:27 main.py[line:41] INFO get video_link: https://www.youtube.com/watch?v=TVKNpjnqeg0
Mon, 06 Nov 2017 23:29:27 main.py[line:41] INFO get video_link: https://www.youtube.com/watch?v=o3eaO38a-Eo
Mon, 06 Nov 2017 23:29:27 main.py[line:41] INFO get video_link: https://www.youtube.com/watch?v=o3eaO38a-Eo
Mon, 06 Nov 2017 23:29:27 main.py[line:41] INFO get video_link: https://www.youtube.com/watch?v=YHyzomy6ax8
Mon, 06 Nov 2017 23:29:27 main.py[line:41] INFO get video_link: https://www.youtube.com/watch?v=YHyzomy6ax8
Mon, 06 Nov 2017 23:29:27 main.py[line:41] INFO get video_link: https://www.youtube.com/watch?v=TLIteieSeF4
Mon, 06 Nov 2017 23:29:27 main.py[line:41] INFO get video_link: https://www.youtube.com/watch?v=TLIteieSeF4
Mon, 06 Nov 2017 23:29:27 main.py[line:41] INFO get video_link: https://www.youtube.com/watch?v=MloJx8bAcOw
Mon, 06 Nov 2017 23:29:27 main.py[line:41] INFO get video_link: https://www.youtube.com/watch?v=MloJx8bAcOw
Mon, 06 Nov 2017 23:29:27 main.py[line:41] INFO get video_link: https://www.youtube.com/watch?v=9l903UESSC8
Mon, 06 Nov 2017 23:29:27 main.py[line:41] INFO get video_link: https://www.youtube.com/watch?v=9l903UESSC8
Mon, 06 Nov 2017 23:29:27 main.py[line:41] INFO get video_link: https://www.youtube.com/watch?v=sb-XPYeFyjA
Mon, 06 Nov 2017 23:29:27 main.py[line:41] INFO get video_link: https://www.youtube.com/watch?v=sb-XPYeFyjA
Mon, 06 Nov 2017 23:29:27 main.py[line:41] INFO get video_link: https://www.youtube.com/watch?v=QkZNC0jikOg
Mon, 06 Nov 2017 23:29:27 main.py[line:41] INFO get video_link: https://www.youtube.com/watch?v=QkZNC0jikOg
Mon, 06 Nov 2017 23:29:27 main.py[line:41] INFO get video_link: https://www.youtube.com/watch?v=eIVxPRqgtD4
Mon, 06 Nov 2017 23:29:27 main.py[line:41] INFO get video_link: https://www.youtube.com/watch?v=eIVxPRqgtD4
Mon, 06 Nov 2017 23:29:27 main.py[line:41] INFO get video_link: https://www.youtube.com/watch?v=t2oVUxTV4WA
Mon, 06 Nov 2017 23:29:27 main.py[line:41] INFO get video_link: https://www.youtube.com/watch?v=t2oVUxTV4WA
Mon, 06 Nov 2017 23:29:27 main.py[line:41] INFO get video_link: https://www.youtube.com/watch?v=ufYUmrynPZc
Mon, 06 Nov 2017 23:29:27 main.py[line:41] INFO get video_link: https://www.youtube.com/watch?v=ufYUmrynPZc
Mon, 06 Nov 2017 23:29:27 main.py[line:41] INFO get video_link: https://www.youtube.com/watch?v=rnU-puAUMbs
Mon, 06 Nov 2017 23:29:27 main.py[line:41] INFO get video_link: https://www.youtube.com/watch?v=rnU-puAUMbs
Mon, 06 Nov 2017 23:29:27 main.py[line:41] INFO get video_link: https://www.youtube.com/watch?v=be4cMyVB-4U
Mon, 06 Nov 2017 23:29:27 main.py[line:41] INFO get video_link: https://www.youtube.com/watch?v=be4cMyVB-4U
Mon, 06 Nov 2017 23:29:27 main.py[line:41] INFO get video_link: https://www.youtube.com/watch?v=lGP1YFE5s4M
Mon, 06 Nov 2017 23:29:27 main.py[line:41] INFO get video_link: https://www.youtube.com/watch?v=lGP1YFE5s4M
Mon, 06 Nov 2017 23:29:27 main.py[line:41] INFO get video_link: https://www.youtube.com/watch?v=bXZEP6OwKBQ
Mon, 06 Nov 2017 23:29:27 main.py[line:41] INFO get video_link: https://www.youtube.com/watch?v=bXZEP6OwKBQ
Mon, 06 Nov 2017 23:29:27 main.py[line:41] INFO get video_link: https://www.youtube.com/watch?v=doPL3Z3ULw0
Mon, 06 Nov 2017 23:29:27 main.py[line:41] INFO get video_link: https://www.youtube.com/watch?v=doPL3Z3ULw0
Mon, 06 Nov 2017 23:29:27 main.py[line:41] INFO get video_link: https://www.youtube.com/watch?v=TrS0uNBuG9c
Mon, 06 Nov 2017 23:29:27 main.py[line:41] INFO get video_link: https://www.youtube.com/watch?v=TrS0uNBuG9c
Mon, 06 Nov 2017 23:29:27 main.py[line:41] INFO get video_link: https://www.youtube.com/watch?v=7e4vFMJmBIc
Mon, 06 Nov 2017 23:29:27 main.py[line:41] INFO get video_link: https://www.youtube.com/watch?v=7e4vFMJmBIc
Mon, 06 Nov 2017 23:29:27 main.py[line:41] INFO get video_link: https://www.youtube.com/watch?v=4TnQ99ESoKM
Mon, 06 Nov 2017 23:29:27 main.py[line:41] INFO get video_link: https://www.youtube.com/watch?v=4TnQ99ESoKM
Mon, 06 Nov 2017 23:29:27 main.py[line:41] INFO get video_link: https://www.youtube.com/watch?v=XWDOb17rIAI
Mon, 06 Nov 2017 23:29:27 main.py[line:41] INFO get video_link: https://www.youtube.com/watch?v=XWDOb17rIAI
Mon, 06 Nov 2017 23:29:27 main.py[line:41] INFO get video_link: https://www.youtube.com/watch?v=DJJnXX85msY
Mon, 06 Nov 2017 23:29:27 main.py[line:41] INFO get video_link: https://www.youtube.com/watch?v=DJJnXX85msY
Mon, 06 Nov 2017 23:29:27 main.py[line:41] INFO get video_link: https://www.youtube.com/watch?v=LJSNhG7xoyk
Mon, 06 Nov 2017 23:29:27 main.py[line:41] INFO get video_link: https://www.youtube.com/watch?v=LJSNhG7xoyk
Mon, 06 Nov 2017 23:29:27 main.py[line:41] INFO get video_link: https://www.youtube.com/watch?v=4nwaQ4CUoV8
Mon, 06 Nov 2017 23:29:27 main.py[line:41] INFO get video_link: https://www.youtube.com/watch?v=4nwaQ4CUoV8
Mon, 06 Nov 2017 23:29:27 main.py[line:41] INFO get video_link: https://www.youtube.com/watch?v=Fj8G9dGuNkU
Mon, 06 Nov 2017 23:29:27 main.py[line:41] INFO get video_link: https://www.youtube.com/watch?v=Fj8G9dGuNkU
Mon, 06 Nov 2017 23:29:27 main.py[line:41] INFO get video_link: https://www.youtube.com/watch?v=1Uo83-DzC5E
Mon, 06 Nov 2017 23:29:27 main.py[line:41] INFO get video_link: https://www.youtube.com/watch?v=1Uo83-DzC5E
Mon, 06 Nov 2017 23:29:27 main.py[line:41] INFO get video_link: https://www.youtube.com/watch?v=I8MJ5u2FFD4
Mon, 06 Nov 2017 23:29:27 main.py[line:41] INFO get video_link: https://www.youtube.com/watch?v=I8MJ5u2FFD4
Mon, 06 Nov 2017 23:29:27 main.py[line:41] INFO get video_link: https://www.youtube.com/watch?v=GoZCITtz-WI
Mon, 06 Nov 2017 23:29:27 main.py[line:41] INFO get video_link: https://www.youtube.com/watch?v=GoZCITtz-WI
Mon, 06 Nov 2017 23:29:27 main.py[line:41] INFO get video_link: https://www.youtube.com/watch?v=CD9qdF0KjTE
Mon, 06 Nov 2017 23:29:27 main.py[line:41] INFO get video_link: https://www.youtube.com/watch?v=CD9qdF0KjTE
Mon, 06 Nov 2017 23:29:27 main.py[line:41] INFO get video_link: https://www.youtube.com/watch?v=QG66hmLAGi8
Mon, 06 Nov 2017 23:29:27 main.py[line:41] INFO get video_link: https://www.youtube.com/watch?v=QG66hmLAGi8
Mon, 06 Nov 2017 23:29:27 main.py[line:41] INFO get video_link: https://www.youtube.com/watch?v=gSFPyVM_Vco
Mon, 06 Nov 2017 23:29:27 main.py[line:41] INFO get video_link: https://www.youtube.com/watch?v=gSFPyVM_Vco
Mon, 06 Nov 2017 23:29:27 main.py[line:41] INFO get video_link: https://www.youtube.com/watch?v=Q7PANvKO9F0
Mon, 06 Nov 2017 23:29:27 main.py[line:41] INFO get video_link: https://www.youtube.com/watch?v=Q7PANvKO9F0
Mon, 06 Nov 2017 23:29:27 main.py[line:41] INFO get video_link: https://www.youtube.com/watch?v=tNwhsTdRWbY
Mon, 06 Nov 2017 23:29:27 main.py[line:41] INFO get video_link: https://www.youtube.com/watch?v=tNwhsTdRWbY
Mon, 06 Nov 2017 23:29:27 main.py[line:41] INFO get video_link: https://www.youtube.com/watch?v=oavayHUI68g
Mon, 06 Nov 2017 23:29:27 main.py[line:41] INFO get video_link: https://www.youtube.com/watch?v=oavayHUI68g
Mon, 06 Nov 2017 23:29:27 main.py[line:41] INFO get video_link: https://www.youtube.com/watch?v=QA9SaZiEGBQ
Mon, 06 Nov 2017 23:29:27 main.py[line:41] INFO get video_link: https://www.youtube.com/watch?v=QA9SaZiEGBQ
Mon, 06 Nov 2017 23:29:27 main.py[line:41] INFO get video_link: https://www.youtube.com/watch?v=oSWjOF-amHQ
Mon, 06 Nov 2017 23:29:27 main.py[line:41] INFO get video_link: https://www.youtube.com/watch?v=oSWjOF-amHQ
Mon, 06 Nov 2017 23:29:27 main.py[line:41] INFO get video_link: https://www.youtube.com/watch?v=StJTV8bx-jk
Mon, 06 Nov 2017 23:29:27 main.py[line:41] INFO get video_link: https://www.youtube.com/watch?v=StJTV8bx-jk
Mon, 06 Nov 2017 23:29:27 main.py[line:41] INFO get video_link: https://www.youtube.com/watch?v=7qaHdHpSjX8
Mon, 06 Nov 2017 23:29:27 main.py[line:41] INFO get video_link: https://www.youtube.com/watch?v=7qaHdHpSjX8
Mon, 06 Nov 2017 23:29:27 main.py[line:41] INFO get video_link: https://www.youtube.com/watch?v=uXyxFMbqKYA
Mon, 06 Nov 2017 23:29:27 main.py[line:41] INFO get video_link: https://www.youtube.com/watch?v=uXyxFMbqKYA
Mon, 06 Nov 2017 23:29:27 main.py[line:41] INFO get video_link: https://www.youtube.com/watch?v=aHl0tlUYDBI
Mon, 06 Nov 2017 23:29:27 main.py[line:41] INFO get video_link: https://www.youtube.com/watch?v=aHl0tlUYDBI
Mon, 06 Nov 2017 23:29:27 main.py[line:41] INFO get video_link: https://www.youtube.com/watch?v=fM8V1XOI-14
Mon, 06 Nov 2017 23:29:27 main.py[line:41] INFO get video_link: https://www.youtube.com/watch?v=fM8V1XOI-14
Mon, 06 Nov 2017 23:29:27 main.py[line:41] INFO get video_link: https://www.youtube.com/watch?v=SoIKv3xxuMA
Mon, 06 Nov 2017 23:29:27 main.py[line:41] INFO get video_link: https://www.youtube.com/watch?v=SoIKv3xxuMA
Mon, 06 Nov 2017 23:29:27 main.py[line:41] INFO get video_link: https://www.youtube.com/watch?v=g7f6HiQ2LuU
Mon, 06 Nov 2017 23:29:27 main.py[line:41] INFO get video_link: https://www.youtube.com/watch?v=g7f6HiQ2LuU
Mon, 06 Nov 2017 23:29:27 main.py[line:41] INFO get video_link: https://www.youtube.com/watch?v=PG2azZM4w4o
Mon, 06 Nov 2017 23:29:27 main.py[line:41] INFO get video_link: https://www.youtube.com/watch?v=PG2azZM4w4o
Mon, 06 Nov 2017 23:29:27 main.py[line:41] INFO get video_link: https://www.youtube.com/watch?v=zXDAYlhdkyg
Mon, 06 Nov 2017 23:29:27 main.py[line:41] INFO get video_link: https://www.youtube.com/watch?v=zXDAYlhdkyg
Mon, 06 Nov 2017 23:29:27 main.py[line:41] INFO get video_link: https://www.youtube.com/watch?v=BixwVsiDdZM
Mon, 06 Nov 2017 23:29:27 main.py[line:41] INFO get video_link: https://www.youtube.com/watch?v=BixwVsiDdZM
Mon, 06 Nov 2017 23:29:27 main.py[line:41] INFO get video_link: https://www.youtube.com/watch?v=Cg4Eui4sGlk
Mon, 06 Nov 2017 23:29:27 main.py[line:41] INFO get video_link: https://www.youtube.com/watch?v=Cg4Eui4sGlk
Mon, 06 Nov 2017 23:29:27 main.py[line:41] INFO get video_link: https://www.youtube.com/watch?v=pz9yRC-LWhU
Mon, 06 Nov 2017 23:29:27 main.py[line:41] INFO get video_link: https://www.youtube.com/watch?v=pz9yRC-LWhU
Mon, 06 Nov 2017 23:29:27 main.py[line:41] INFO get video_link: https://www.youtube.com/watch?v=-LX2kpeyp80
Mon, 06 Nov 2017 23:29:27 main.py[line:41] INFO get video_link: https://www.youtube.com/watch?v=-LX2kpeyp80
Mon, 06 Nov 2017 23:29:27 main.py[line:41] INFO get video_link: https://www.youtube.com/watch?v=VuNIsY6JdUw
Mon, 06 Nov 2017 23:29:27 main.py[line:41] INFO get video_link: https://www.youtube.com/watch?v=VuNIsY6JdUw
Mon, 06 Nov 2017 23:29:27 main.py[line:41] INFO get video_link: https://www.youtube.com/watch?v=YEKLeWBr9jY
Mon, 06 Nov 2017 23:29:27 main.py[line:41] INFO get video_link: https://www.youtube.com/watch?v=YEKLeWBr9jY
Mon, 06 Nov 2017 23:29:27 main.py[line:41] INFO get video_link: https://www.youtube.com/watch?v=75DHx3Z-FbM
Mon, 06 Nov 2017 23:29:27 main.py[line:41] INFO get video_link: https://www.youtube.com/watch?v=75DHx3Z-FbM
Mon, 06 Nov 2017 23:29:27 main.py[line:41] INFO get video_link: https://www.youtube.com/watch?v=530z-_yjdlU
Mon, 06 Nov 2017 23:29:27 main.py[line:41] INFO get video_link: https://www.youtube.com/watch?v=530z-_yjdlU
Mon, 06 Nov 2017 23:29:27 main.py[line:41] INFO get video_link: https://www.youtube.com/watch?v=zTcTSLXoQro
Mon, 06 Nov 2017 23:29:27 main.py[line:41] INFO get video_link: https://www.youtube.com/watch?v=zTcTSLXoQro
Mon, 06 Nov 2017 23:29:27 main.py[line:41] INFO get video_link: https://www.youtube.com/watch?v=ogbZ7IPyYHQ
Mon, 06 Nov 2017 23:29:27 main.py[line:41] INFO get video_link: https://www.youtube.com/watch?v=ogbZ7IPyYHQ
Mon, 06 Nov 2017 23:29:27 main.py[line:41] INFO get video_link: https://www.youtube.com/watch?v=gm2_6DX_0Bw
Mon, 06 Nov 2017 23:29:27 main.py[line:41] INFO get video_link: https://www.youtube.com/watch?v=gm2_6DX_0Bw
Mon, 06 Nov 2017 23:29:27 main.py[line:41] INFO get video_link: https://www.youtube.com/watch?v=CD9qdF0KjTE
Mon, 06 Nov 2017 23:29:27 main.py[line:41] INFO get video_link: https://www.youtube.com/watch?v=CD9qdF0KjTE
Mon, 06 Nov 2017 23:29:27 main.py[line:41] INFO get video_link: https://www.youtube.com/watch?v=5aTTmVeszfM
Mon, 06 Nov 2017 23:29:27 main.py[line:41] INFO get video_link: https://www.youtube.com/watch?v=5aTTmVeszfM
Mon, 06 Nov 2017 23:29:27 main.py[line:41] INFO get video_link: https://www.youtube.com/watch?v=8bf0gpppXRs
Mon, 06 Nov 2017 23:29:27 main.py[line:41] INFO get video_link: https://www.youtube.com/watch?v=8bf0gpppXRs
Mon, 06 Nov 2017 23:29:27 main.py[line:41] INFO get video_link: https://www.youtube.com/watch?v=_ISeYJMSDpM
Mon, 06 Nov 2017 23:29:27 main.py[line:41] INFO get video_link: https://www.youtube.com/watch?v=_ISeYJMSDpM
Mon, 06 Nov 2017 23:29:27 main.py[line:41] INFO get video_link: https://www.youtube.com/watch?v=onRVRZCj0l4
Mon, 06 Nov 2017 23:29:27 main.py[line:41] INFO get video_link: https://www.youtube.com/watch?v=onRVRZCj0l4
Mon, 06 Nov 2017 23:29:27 main.py[line:41] INFO get video_link: https://www.youtube.com/watch?v=10ahvZIIRjY
Mon, 06 Nov 2017 23:29:27 main.py[line:41] INFO get video_link: https://www.youtube.com/watch?v=10ahvZIIRjY
Mon, 06 Nov 2017 23:29:27 main.py[line:41] INFO get video_link: https://www.youtube.com/watch?v=RBRSBtPQLF0
Mon, 06 Nov 2017 23:29:27 main.py[line:41] INFO get video_link: https://www.youtube.com/watch?v=RBRSBtPQLF0
Mon, 06 Nov 2017 23:29:27 main.py[line:41] INFO get video_link: https://www.youtube.com/watch?v=4kf37bzbUwY
Mon, 06 Nov 2017 23:29:27 main.py[line:41] INFO get video_link: https://www.youtube.com/watch?v=4kf37bzbUwY
Mon, 06 Nov 2017 23:29:27 main.py[line:41] INFO get video_link: https://www.youtube.com/watch?v=Cj3AV92fJ90
Mon, 06 Nov 2017 23:29:27 main.py[line:41] INFO get video_link: https://www.youtube.com/watch?v=Cj3AV92fJ90
Mon, 06 Nov 2017 23:29:27 main.py[line:41] INFO get video_link: https://www.youtube.com/watch?v=UqmJPpCsFTE
Mon, 06 Nov 2017 23:29:27 main.py[line:41] INFO get video_link: https://www.youtube.com/watch?v=UqmJPpCsFTE
Mon, 06 Nov 2017 23:29:27 main.py[line:41] INFO get video_link: https://www.youtube.com/watch?v=UZZoeeYmFgw
Mon, 06 Nov 2017 23:29:27 main.py[line:41] INFO get video_link: https://www.youtube.com/watch?v=UZZoeeYmFgw
Mon, 06 Nov 2017 23:29:27 main.py[line:41] INFO get video_link: https://www.youtube.com/watch?v=jHFLw17YDmk
Mon, 06 Nov 2017 23:29:27 main.py[line:41] INFO get video_link: https://www.youtube.com/watch?v=jHFLw17YDmk
Mon, 06 Nov 2017 23:29:27 main.py[line:41] INFO get video_link: https://www.youtube.com/watch?v=Ff99v71Anno
Mon, 06 Nov 2017 23:29:27 main.py[line:41] INFO get video_link: https://www.youtube.com/watch?v=Ff99v71Anno
Mon, 06 Nov 2017 23:29:27 main.py[line:41] INFO get video_link: https://www.youtube.com/watch?v=TNCkdI54I6E
Mon, 06 Nov 2017 23:29:27 main.py[line:41] INFO get video_link: https://www.youtube.com/watch?v=TNCkdI54I6E
Mon, 06 Nov 2017 23:29:27 main.py[line:41] INFO get video_link: https://www.youtube.com/watch?v=42qY6Z9Yxkw
Mon, 06 Nov 2017 23:29:27 main.py[line:41] INFO get video_link: https://www.youtube.com/watch?v=42qY6Z9Yxkw
Mon, 06 Nov 2017 23:29:27 main.py[line:41] INFO get video_link: https://www.youtube.com/watch?v=k8xQf4t1zh4
Mon, 06 Nov 2017 23:29:27 main.py[line:41] INFO get video_link: https://www.youtube.com/watch?v=k8xQf4t1zh4
Mon, 06 Nov 2017 23:29:27 main.py[line:41] INFO get video_link: https://www.youtube.com/watch?v=gJWCvngNVDc
Mon, 06 Nov 2017 23:29:27 main.py[line:41] INFO get video_link: https://www.youtube.com/watch?v=gJWCvngNVDc
Mon, 06 Nov 2017 23:29:27 main.py[line:41] INFO get video_link: https://www.youtube.com/watch?v=zEbDYpbq084
Mon, 06 Nov 2017 23:29:27 main.py[line:41] INFO get video_link: https://www.youtube.com/watch?v=zEbDYpbq084
Mon, 06 Nov 2017 23:29:27 main.py[line:41] INFO get video_link: https://www.youtube.com/watch?v=PRAn93hSxss
Mon, 06 Nov 2017 23:29:27 main.py[line:41] INFO get video_link: https://www.youtube.com/watch?v=PRAn93hSxss
Mon, 06 Nov 2017 23:29:27 main.py[line:41] INFO get video_link: https://www.youtube.com/watch?v=Z1_CG2nbYxc
Mon, 06 Nov 2017 23:29:27 main.py[line:41] INFO get video_link: https://www.youtube.com/watch?v=Z1_CG2nbYxc
Mon, 06 Nov 2017 23:29:27 main.py[line:41] INFO get video_link: https://www.youtube.com/watch?v=FA87OJV5oi0
Mon, 06 Nov 2017 23:29:27 main.py[line:41] INFO get video_link: https://www.youtube.com/watch?v=FA87OJV5oi0
Mon, 06 Nov 2017 23:29:27 main.py[line:41] INFO get video_link: https://www.youtube.com/watch?v=cgYkJtlkpIs
Mon, 06 Nov 2017 23:29:27 main.py[line:41] INFO get video_link: https://www.youtube.com/watch?v=cgYkJtlkpIs
Mon, 06 Nov 2017 23:29:27 main.py[line:41] INFO get video_link: https://www.youtube.com/watch?v=aN2tAIK75Lc
Mon, 06 Nov 2017 23:29:27 main.py[line:41] INFO get video_link: https://www.youtube.com/watch?v=aN2tAIK75Lc
Mon, 06 Nov 2017 23:29:27 main.py[line:41] INFO get video_link: https://www.youtube.com/watch?v=yL_b_dABKLk
Mon, 06 Nov 2017 23:29:27 main.py[line:41] INFO get video_link: https://www.youtube.com/watch?v=yL_b_dABKLk
Mon, 06 Nov 2017 23:29:27 main.py[line:41] INFO get video_link: https://www.youtube.com/watch?v=VmgQB6uRrUY
Mon, 06 Nov 2017 23:29:27 main.py[line:41] INFO get video_link: https://www.youtube.com/watch?v=VmgQB6uRrUY
Mon, 06 Nov 2017 23:29:27 main.py[line:41] INFO get video_link: https://www.youtube.com/watch?v=5qlSfNVp3fU
Mon, 06 Nov 2017 23:29:27 main.py[line:41] INFO get video_link: https://www.youtube.com/watch?v=5qlSfNVp3fU
Mon, 06 Nov 2017 23:29:27 main.py[line:41] INFO get video_link: https://www.youtube.com/watch?v=eZh0R6uB5Zc
Mon, 06 Nov 2017 23:29:27 main.py[line:41] INFO get video_link: https://www.youtube.com/watch?v=eZh0R6uB5Zc
Mon, 06 Nov 2017 23:29:27 main.py[line:41] INFO get video_link: https://www.youtube.com/watch?v=o8R5f2kNo0A
Mon, 06 Nov 2017 23:29:27 main.py[line:41] INFO get video_link: https://www.youtube.com/watch?v=o8R5f2kNo0A
Mon, 06 Nov 2017 23:29:27 main.py[line:41] INFO get video_link: https://www.youtube.com/watch?v=zUkB3acSFDg
Mon, 06 Nov 2017 23:29:27 main.py[line:41] INFO get video_link: https://www.youtube.com/watch?v=zUkB3acSFDg
Mon, 06 Nov 2017 23:29:27 main.py[line:41] INFO get video_link: https://www.youtube.com/watch?v=RVSSCN2ts_g
Mon, 06 Nov 2017 23:29:27 main.py[line:41] INFO get video_link: https://www.youtube.com/watch?v=RVSSCN2ts_g
Mon, 06 Nov 2017 23:29:27 main.py[line:41] INFO get video_link: https://www.youtube.com/watch?v=JM1pDskO-mM
Mon, 06 Nov 2017 23:29:27 main.py[line:41] INFO get video_link: https://www.youtube.com/watch?v=JM1pDskO-mM
Mon, 06 Nov 2017 23:29:27 main.py[line:41] INFO get video_link: https://www.youtube.com/watch?v=T2rqOvijMBk
Mon, 06 Nov 2017 23:29:27 main.py[line:41] INFO get video_link: https://www.youtube.com/watch?v=T2rqOvijMBk
Mon, 06 Nov 2017 23:29:27 main.py[line:41] INFO get video_link: https://www.youtube.com/watch?v=1MAvbxDd1jU
Mon, 06 Nov 2017 23:29:27 main.py[line:41] INFO get video_link: https://www.youtube.com/watch?v=1MAvbxDd1jU
Mon, 06 Nov 2017 23:29:27 main.py[line:41] INFO get video_link: https://www.youtube.com/watch?v=vU7DnjOOjPE
Mon, 06 Nov 2017 23:29:27 main.py[line:41] INFO get video_link: https://www.youtube.com/watch?v=vU7DnjOOjPE
Mon, 06 Nov 2017 23:29:27 main.py[line:41] INFO get video_link: https://www.youtube.com/watch?v=AUFsGUtTvTc
Mon, 06 Nov 2017 23:29:27 main.py[line:41] INFO get video_link: https://www.youtube.com/watch?v=AUFsGUtTvTc
Mon, 06 Nov 2017 23:29:27 main.py[line:41] INFO get video_link: https://www.youtube.com/watch?v=iTRWe2XGEGA
Mon, 06 Nov 2017 23:29:27 main.py[line:41] INFO get video_link: https://www.youtube.com/watch?v=iTRWe2XGEGA
Mon, 06 Nov 2017 23:29:27 main.py[line:41] INFO get video_link: https://www.youtube.com/watch?v=RE-far-FvRs
Mon, 06 Nov 2017 23:29:27 main.py[line:41] INFO get video_link: https://www.youtube.com/watch?v=RE-far-FvRs
Mon, 06 Nov 2017 23:29:27 main.py[line:41] INFO get video_link: https://www.youtube.com/watch?v=ruTB5jBGXsE
Mon, 06 Nov 2017 23:29:27 main.py[line:41] INFO get video_link: https://www.youtube.com/watch?v=ruTB5jBGXsE
Mon, 06 Nov 2017 23:29:27 main.py[line:41] INFO get video_link: https://www.youtube.com/watch?v=GIqhMKlSCgY
Mon, 06 Nov 2017 23:29:27 main.py[line:41] INFO get video_link: https://www.youtube.com/watch?v=GIqhMKlSCgY
Mon, 06 Nov 2017 23:29:27 main.py[line:41] INFO get video_link: https://www.youtube.com/watch?v=tp9aQXDFHbY
Mon, 06 Nov 2017 23:29:27 main.py[line:41] INFO get video_link: https://www.youtube.com/watch?v=tp9aQXDFHbY
Mon, 06 Nov 2017 23:29:27 main.py[line:41] INFO get video_link: https://www.youtube.com/watch?v=3OvJrkc7wgE
Mon, 06 Nov 2017 23:29:27 main.py[line:41] INFO get video_link: https://www.youtube.com/watch?v=3OvJrkc7wgE
Mon, 06 Nov 2017 23:29:27 main.py[line:41] INFO get video_link: https://www.youtube.com/watch?v=7e4vFMJmBIc
Mon, 06 Nov 2017 23:29:27 main.py[line:41] INFO get video_link: https://www.youtube.com/watch?v=7e4vFMJmBIc
Mon, 06 Nov 2017 23:29:27 main.py[line:41] INFO get video_link: https://www.youtube.com/watch?v=kELDEdMbkyg
Mon, 06 Nov 2017 23:29:27 main.py[line:41] INFO get video_link: https://www.youtube.com/watch?v=kELDEdMbkyg
Mon, 06 Nov 2017 23:29:27 main.py[line:41] INFO get video_link: https://www.youtube.com/watch?v=Hlt3rA-oDao
Mon, 06 Nov 2017 23:29:27 main.py[line:41] INFO get video_link: https://www.youtube.com/watch?v=Hlt3rA-oDao
Mon, 06 Nov 2017 23:29:27 main.py[line:41] INFO get video_link: https://www.youtube.com/watch?v=PfPdYYsEfAE
Mon, 06 Nov 2017 23:29:27 main.py[line:41] INFO get video_link: https://www.youtube.com/watch?v=PfPdYYsEfAE
Mon, 06 Nov 2017 23:29:27 main.py[line:41] INFO get video_link: https://www.youtube.com/watch?v=YvT_gqs5ETk
Mon, 06 Nov 2017 23:29:27 main.py[line:41] INFO get video_link: https://www.youtube.com/watch?v=YvT_gqs5ETk
Mon, 06 Nov 2017 23:29:27 main.py[line:41] INFO get video_link: https://www.youtube.com/watch?v=jVhlJNJopOQ
Mon, 06 Nov 2017 23:29:27 main.py[line:41] INFO get video_link: https://www.youtube.com/watch?v=jVhlJNJopOQ
Mon, 06 Nov 2017 23:29:27 main.py[line:41] INFO get video_link: https://www.youtube.com/watch?v=57EHQ_Wb93Q
Mon, 06 Nov 2017 23:29:27 main.py[line:41] INFO get video_link: https://www.youtube.com/watch?v=57EHQ_Wb93Q
Mon, 06 Nov 2017 23:29:27 main.py[line:41] INFO get video_link: https://www.youtube.com/watch?v=_RkShGrd0qs
Mon, 06 Nov 2017 23:29:27 main.py[line:41] INFO get video_link: https://www.youtube.com/watch?v=_RkShGrd0qs
Mon, 06 Nov 2017 23:29:27 main.py[line:41] INFO get video_link: https://www.youtube.com/watch?v=Ic5DdDauuh8
Mon, 06 Nov 2017 23:29:27 main.py[line:41] INFO get video_link: https://www.youtube.com/watch?v=Ic5DdDauuh8
Mon, 06 Nov 2017 23:29:27 main.py[line:41] INFO get video_link: https://www.youtube.com/watch?v=ioB2Vs_G45U
Mon, 06 Nov 2017 23:29:27 main.py[line:41] INFO get video_link: https://www.youtube.com/watch?v=ioB2Vs_G45U
Mon, 06 Nov 2017 23:29:27 main.py[line:41] INFO get video_link: https://www.youtube.com/watch?v=rS00xWnqwvI
Mon, 06 Nov 2017 23:29:27 main.py[line:41] INFO get video_link: https://www.youtube.com/watch?v=rS00xWnqwvI
Mon, 06 Nov 2017 23:29:27 main.py[line:41] INFO get video_link: https://www.youtube.com/watch?v=UWuc18xISwI
Mon, 06 Nov 2017 23:29:27 main.py[line:41] INFO get video_link: https://www.youtube.com/watch?v=UWuc18xISwI
Mon, 06 Nov 2017 23:29:27 main.py[line:41] INFO get video_link: https://www.youtube.com/watch?v=X3ZCsFYE4Q8
Mon, 06 Nov 2017 23:29:27 main.py[line:41] INFO get video_link: https://www.youtube.com/watch?v=X3ZCsFYE4Q8
Mon, 06 Nov 2017 23:29:27 main.py[line:41] INFO get video_link: https://www.youtube.com/watch?v=_XvybwqDtDo
Mon, 06 Nov 2017 23:29:27 main.py[line:41] INFO get video_link: https://www.youtube.com/watch?v=_XvybwqDtDo
